::1 - - [07/Feb/2018:15:29:00 +0800] "GET /wordpress/wp-admin/ HTTP/1.1" 302 -
::1 - - [07/Feb/2018:15:29:07 +0800] "GET /wordpress/wp-login.php?redirect_to=http%3A%2F%2Flocalhost%2Fwordpress%2Fwp-admin%2F&reauth=1 HTTP/1.1" 200 2289
::1 - - [07/Feb/2018:15:29:07 +0800] "GET /wordpress/wp-admin/load-styles.php?c=1&dir=ltr&load%5B%5D=dashicons,buttons,forms,l10n,login&ver=4.9.2 HTTP/1.1" 200 38592
::1 - - [07/Feb/2018:15:29:08 +0800] "GET /wordpress/wp-admin/images/wordpress-logo.svg?ver=20131107 HTTP/1.1" 200 1521
::1 - - [07/Feb/2018:15:29:08 +0800] "GET /favicon.ico HTTP/1.1" 404 209
::1 - - [07/Feb/2018:15:29:18 +0800] "POST /wordpress/wp-login.php HTTP/1.1" 302 -
::1 - - [07/Feb/2018:15:29:18 +0800] "GET /wordpress/wp-admin/ HTTP/1.1" 200 54845
::1 - - [07/Feb/2018:15:29:20 +0800] "POST /wordpress/wp-admin/admin-ajax.php HTTP/1.1" 200 60
::1 - - [07/Feb/2018:15:29:25 +0800] "GET /wordpress/wp-admin/index.php HTTP/1.1" 200 54915
::1 - - [07/Feb/2018:15:29:28 +0800] "GET /wordpress/wp-admin/js/editor.min.js?ver=4.9.2 HTTP/1.1" 304 -
::1 - - [07/Feb/2018:15:29:28 +0800] "GET /wordpress/wp-admin/js/widgets/custom-html-widgets.min.js?ver=4.9.2 HTTP/1.1" 304 -
::1 - - [07/Feb/2018:15:29:26 +0800] "GET /wordpress/wp-admin/customize.php HTTP/1.1" 200 339367
::1 - - [07/Feb/2018:15:29:29 +0800] "GET /wordpress/wp-content/uploads/2018/02/7-wonders-of-the-world-HD-wallpapers.jpg HTTP/1.1" 304 -
::1 - - [07/Feb/2018:15:29:30 +0800] "GET /wordpress/?customize_changeset_uuid=fc899947-d7d9-4448-a3a0-39862e764292&customize_theme=twentyseventeen&customize_messenger_channel=preview-0 HTTP/1.1" 200 113626
::1 - - [07/Feb/2018:15:29:31 +0800] "GET /wordpress/wp-content/uploads/2018/02/espresso.jpg HTTP/1.1" 304 -
::1 - - [07/Feb/2018:15:29:31 +0800] "GET /wordpress/wp-content/uploads/2018/02/coffee.jpg HTTP/1.1" 304 -
::1 - - [07/Feb/2018:15:29:31 +0800] "GET /wordpress/wp-content/uploads/2018/02/sandwich.jpg HTTP/1.1" 304 -
::1 - - [07/Feb/2018:15:29:20 +0800] "GET /wordpress/wp-admin/admin-ajax.php?action=dashboard-widgets&widget=dashboard_primary&pagenow=dashboard HTTP/1.1" 200 719
::1 - - [07/Feb/2018:15:29:25 +0800] "GET /wordpress/wp-admin/admin-ajax.php?action=dashboard-widgets&widget=dashboard_primary&pagenow=dashboard HTTP/1.1" 200 719
::1 - - [07/Feb/2018:15:29:05 +0800] "POST /wordpress/wp-cron.php?doing_wp_cron=1517988544.9869990348815917968750 HTTP/1.1" 200 203
::1 - - [07/Feb/2018:15:29:44 +0800] "POST /wordpress/wp-admin/admin-ajax.php HTTP/1.1" 200 46
::1 - - [07/Feb/2018:15:29:45 +0800] "GET /wordpress/wp-admin/index.php HTTP/1.1" 200 55480
::1 - - [07/Feb/2018:15:29:48 +0800] "GET /wordpress/wp-admin/profile.php HTTP/1.1" 200 37590
::1 - - [07/Feb/2018:15:29:48 +0800] "GET /wordpress/wp-admin/load-scripts.php?c=1&load%5B%5D=jquery-core,jquery-migrate,utils,zxcvbn-async&ver=4.9.2 HTTP/1.1" 200 41643
::1 - - [07/Feb/2018:15:29:48 +0800] "GET /wordpress/wp-admin/load-scripts.php?c=1&load%5B%5D=hoverIntent,common,admin-bar,password-strength-meter,underscore,wp-util,user-profile,svg-painter,heartbeat,wp-auth-check&ver=4.9.2 HTTP/1.1" 200 21640
::1 - - [07/Feb/2018:15:29:49 +0800] "GET /wordpress/wp-includes/js/zxcvbn.min.js HTTP/1.1" 200 822202
::1 - - [07/Feb/2018:15:29:50 +0800] "GET /wordpress/wp-login.php?action=logout&_wpnonce=15ce43dc22 HTTP/1.1" 302 -
::1 - - [07/Feb/2018:15:29:51 +0800] "GET /wordpress/wp-login.php?loggedout=true HTTP/1.1" 200 2575
::1 - - [07/Feb/2018:15:30:13 +0800] "GET /wordpress/wp-admin/ HTTP/1.1" 302 -
::1 - - [07/Feb/2018:15:30:15 +0800] "GET /wordpress/wp-login.php?redirect_to=http%3A%2F%2Flocalhost%2Fwordpress%2Fwp-admin%2F&reauth=1 HTTP/1.1" 200 2289
::1 - - [07/Feb/2018:15:30:25 +0800] "POST /wordpress/wp-cron.php?doing_wp_cron=1517988613.8731579780578613281250 HTTP/1.1" 200 -
::1 - - [07/Feb/2018:15:33:51 +0800] "GET /wordpress/wp-admin/ HTTP/1.1" 302 -
::1 - - [07/Feb/2018:15:33:51 +0800] "GET /wordpress/wp-login.php?redirect_to=http%3A%2F%2Flocalhost%2Fwordpress%2Fwp-admin%2F&reauth=1 HTTP/1.1" 200 2289
::1 - - [07/Feb/2018:15:33:56 +0800] "POST /wordpress/wp-login.php HTTP/1.1" 302 -
::1 - - [07/Feb/2018:15:33:56 +0800] "GET /wordpress/wp-admin/ HTTP/1.1" 200 55444
::1 - - [07/Feb/2018:15:34:06 +0800] "GET /wordpress/wp-includes/css/admin-bar.min.css?ver=4.9.2 HTTP/1.1" 200 20214
::1 - - [07/Feb/2018:15:34:05 +0800] "GET /wordpress/ HTTP/1.1" 200 69003
::1 - - [07/Feb/2018:15:34:06 +0800] "GET /wordpress/wp-includes/js/admin-bar.min.js?ver=4.9.2 HTTP/1.1" 200 7188
::1 - - [07/Feb/2018:15:34:50 +0800] "GET /wordpress/wp-admin/profile.php HTTP/1.1" 200 37590
::1 - - [07/Feb/2018:15:34:52 +0800] "GET /wordpress/wp-login.php?action=logout&_wpnonce=d348e04f9b HTTP/1.1" 302 -
::1 - - [07/Feb/2018:15:34:52 +0800] "GET /wordpress/wp-login.php?loggedout=true HTTP/1.1" 200 2575
